<?xml version="1.0" encoding="UTF-8"?>
<!-- Generated by org.testng.reporters.JUnitXMLReporter -->
<testsuite ignored="0" hostname="DESKTOP-6S6RED3" failures="0" tests="5" name="Default test" time="0.366" errors="0" timestamp="2022-07-20T18:45:20 IST">
  <testcase classname="Zerodha_Test.Base_Class" name="@BeforeClass setup" time="-1.658322919789E9">
    <failure type="org.testng.TestNGException" message="
Parameter &amp;apos;browser&amp;apos; is required by BeforeClass on method setup but has not been marked @Optional or defined
in C:\Users\Dell\AppData\Local\Temp\testng-eclipse-385258615\testng-customsuite.xml">
      <![CDATA[org.testng.TestNGException: 
Parameter 'browser' is required by BeforeClass on method setup but has not been marked @Optional or defined
in C:\Users\Dell\AppData\Local\Temp\testng-eclipse-385258615\testng-customsuite.xml
at org.testng.internal.Parameters.createParams(Parameters.java:270)
at org.testng.internal.Parameters.createParametersForMethod(Parameters.java:358)
at org.testng.internal.Parameters.createParameters(Parameters.java:700)
at org.testng.internal.Parameters.createConfigurationParameters(Parameters.java:168)
at org.testng.internal.ConfigInvoker.invokeConfigurations(ConfigInvoker.java:302)
at org.testng.internal.TestMethodWorker.invokeBeforeClassMethods(TestMethodWorker.java:176)
at org.testng.internal.TestMethodWorker.run(TestMethodWorker.java:122)
at java.base/java.util.ArrayList.forEach(ArrayList.java:1511)
at org.testng.TestRunner.privateRun(TestRunner.java:794)
at org.testng.TestRunner.run(TestRunner.java:596)
at org.testng.SuiteRunner.runTest(SuiteRunner.java:377)
at org.testng.SuiteRunner.runSequentially(SuiteRunner.java:371)
at org.testng.SuiteRunner.privateRun(SuiteRunner.java:332)
at org.testng.SuiteRunner.run(SuiteRunner.java:276)
at org.testng.SuiteRunnerWorker.runSuite(SuiteRunnerWorker.java:53)
at org.testng.SuiteRunnerWorker.run(SuiteRunnerWorker.java:96)
at org.testng.TestNG.runSuitesSequentially(TestNG.java:1212)
at org.testng.TestNG.runSuitesLocally(TestNG.java:1134)
at org.testng.TestNG.runSuites(TestNG.java:1063)
at org.testng.TestNG.run(TestNG.java:1031)
at org.testng.remote.AbstractRemoteTestNG.run(AbstractRemoteTestNG.java:115)
at org.testng.remote.RemoteTestNG.initAndRun(RemoteTestNG.java:251)
at org.testng.remote.RemoteTestNG.main(RemoteTestNG.java:77)
]]>
    </failure>
  </testcase> <!-- @BeforeClass setup -->
  <testcase classname="Zerodha_Test.Testcase002" name="@BeforeMethod Logintest" time="-1.658322919865E9">
    <skipped/>
  </testcase> <!-- @BeforeMethod Logintest -->
  <testcase classname="Zerodha_Test.Testcase002" name="@AfterMethod logout1" time="-1.658322919889E9">
    <skipped/>
  </testcase> <!-- @AfterMethod logout1 -->
  <testcase classname="Zerodha_Test.Testcase002" name="@BeforeMethod Logintest" time="-1.658322919902E9">
    <skipped/>
  </testcase> <!-- @BeforeMethod Logintest -->
  <testcase classname="Zerodha_Test.Testcase002" name="@AfterMethod logout1" time="-1.658322919914E9">
    <skipped/>
  </testcase> <!-- @AfterMethod logout1 -->
  <testcase classname="Zerodha_Test.Testcase002" name="@BeforeMethod Logintest" time="-1.658322919924E9">
    <skipped/>
  </testcase> <!-- @BeforeMethod Logintest -->
  <testcase classname="Zerodha_Test.Testcase002" name="@AfterMethod logout1" time="-1.658322919942E9">
    <skipped/>
  </testcase> <!-- @AfterMethod logout1 -->
  <testcase classname="Zerodha_Test.Testcase002" name="@BeforeMethod Logintest" time="-1.658322919952E9">
    <skipped/>
  </testcase> <!-- @BeforeMethod Logintest -->
  <testcase classname="Zerodha_Test.Testcase002" name="@AfterMethod logout1" time="-1.658322919996E9">
    <skipped/>
  </testcase> <!-- @AfterMethod logout1 -->
  <testcase classname="Zerodha_Test.Testcase002" name="@BeforeMethod Logintest" time="-1.658322920021E9">
    <skipped/>
  </testcase> <!-- @BeforeMethod Logintest -->
  <testcase classname="Zerodha_Test.Testcase002" name="@AfterMethod logout1" time="-1.658322920073E9">
    <skipped/>
  </testcase> <!-- @AfterMethod logout1 -->
  <testcase classname="Zerodha_Test.Base_Class" name="@AfterClass quit" time="-1.658322920077E9">
    <skipped/>
  </testcase> <!-- @AfterClass quit -->
  <testcase classname="Zerodha_Test.Testcase002" name="Dashboard_Test" time="0.0">
    <skipped/>
  </testcase> <!-- Dashboard_Test -->
  <testcase classname="Zerodha_Test.Testcase002" name="Orders_Test" time="0.0">
    <skipped/>
  </testcase> <!-- Orders_Test -->
  <testcase classname="Zerodha_Test.Testcase002" name="Holdings_Test" time="0.0">
    <skipped/>
  </testcase> <!-- Holdings_Test -->
  <testcase classname="Zerodha_Test.Testcase002" name="Positions_Test" time="0.0">
    <skipped/>
  </testcase> <!-- Positions_Test -->
  <testcase classname="Zerodha_Test.Testcase002" name="Funds_Test" time="0.0">
    <skipped/>
  </testcase> <!-- Funds_Test -->
</testsuite> <!-- Default test -->
